<?xml version="1.0" encoding="utf-8"?><testsuites name="pytest tests"><testsuite name="pytest" errors="0" failures="0" skipped="0" tests="31" time="4.857" timestamp="2026-04-05T07:01:18.648944+00:00" hostname="agent-env-a4904a29-323a-4764-9c0a-af41b772531d"><testcase classname="tests.test_auth.TestAuth" name="test_register_new_user" time="0.500" /><testcase classname="tests.test_auth.TestAuth" name="test_register_duplicate_email" time="0.115" /><testcase classname="tests.test_auth.TestAuth" name="test_login_success" time="0.342" /><testcase classname="tests.test_auth.TestAuth" name="test_login_invalid_credentials" time="0.333" /><testcase classname="tests.test_auth.TestAuth" name="test_get_me_authenticated" time="0.450" /><testcase classname="tests.test_auth.TestAuth" name="test_get_me_unauthenticated" time="0.097" /><testcase classname="tests.test_exercises.TestExercises" name="test_get_all_exercises" time="0.102" /><testcase classname="tests.test_exercises.TestExercises" name="test_get_exercises_by_muscle_group" time="0.098" /><testcase classname="tests.test_exercises.TestExercises" name="test_get_exercises_by_equipment" time="0.100" /><testcase classname="tests.test_exercises.TestExercises" name="test_get_muscle_groups" time="0.101" /><testcase classname="tests.test_exercises.TestExercises" name="test_get_single_exercise" time="0.095" /><testcase classname="tests.test_exercises.TestExercises" name="test_get_nonexistent_exercise" time="0.108" /><testcase classname="tests.test_health.TestHealth" name="test_upload_health_report" time="0.101" /><testcase classname="tests.test_health.TestHealth" name="test_get_health_reports" time="0.182" /><testcase classname="tests.test_health.TestHealth" name="test_health_requires_auth" time="0.098" /><testcase classname="tests.test_nutrition.TestNutrition" name="test_log_meal" time="0.114" /><testcase classname="tests.test_nutrition.TestNutrition" name="test_get_todays_meals" time="0.157" /><testcase classname="tests.test_nutrition.TestNutrition" name="test_search_foods" time="0.101" /><testcase classname="tests.test_nutrition.TestNutrition" name="test_get_meal_history" time="0.103" /><testcase classname="tests.test_nutrition.TestNutrition" name="test_meal_requires_auth" time="0.104" /><testcase classname="tests.test_progress.TestProgress" name="test_log_weight" time="0.100" /><testcase classname="tests.test_progress.TestProgress" name="test_get_weight_history" time="0.196" /><testcase classname="tests.test_progress.TestProgress" name="test_get_progress_stats" time="0.125" /><testcase classname="tests.test_progress.TestProgress" name="test_progress_requires_auth" time="0.102" /><testcase classname="tests.test_scan.TestScan" name="test_scan_detect" time="0.123" /><testcase classname="tests.test_scan.TestScan" name="test_scan_requires_auth" time="0.117" /><testcase classname="tests.test_workouts.TestWorkouts" name="test_start_workout" time="0.108" /><testcase classname="tests.test_workouts.TestWorkouts" name="test_complete_workout" time="0.161" /><testcase classname="tests.test_workouts.TestWorkouts" name="test_get_workout_history" time="0.109" /><testcase classname="tests.test_workouts.TestWorkouts" name="test_get_active_workout" time="0.157" /><testcase classname="tests.test_workouts.TestWorkouts" name="test_workout_requires_auth" time="0.096" /></testsuite></testsuites>