<?xml version="1.0" encoding="utf-8"?><testsuites name="pytest tests"><testsuite name="pytest" errors="0" failures="0" skipped="0" tests="31" time="4.946" timestamp="2026-04-05T07:21:57.453886+00:00" hostname="agent-env-a4904a29-323a-4764-9c0a-af41b772531d"><testcase classname="tests.test_auth.TestAuth" name="test_register_new_user" time="0.498" /><testcase classname="tests.test_auth.TestAuth" name="test_register_duplicate_email" time="0.163" /><testcase classname="tests.test_auth.TestAuth" name="test_login_success" time="0.342" /><testcase classname="tests.test_auth.TestAuth" name="test_login_invalid_credentials" time="0.338" /><testcase classname="tests.test_auth.TestAuth" name="test_get_me_authenticated" time="0.439" /><testcase classname="tests.test_auth.TestAuth" name="test_get_me_unauthenticated" time="0.134" /><testcase classname="tests.test_exercises.TestExercises" name="test_get_all_exercises" time="0.133" /><testcase classname="tests.test_exercises.TestExercises" name="test_get_exercises_by_muscle_group" time="0.091" /><testcase classname="tests.test_exercises.TestExercises" name="test_get_exercises_by_equipment" time="0.094" /><testcase classname="tests.test_exercises.TestExercises" name="test_get_muscle_groups" time="0.093" /><testcase classname="tests.test_exercises.TestExercises" name="test_get_single_exercise" time="0.104" /><testcase classname="tests.test_exercises.TestExercises" name="test_get_nonexistent_exercise" time="0.110" /><testcase classname="tests.test_health.TestHealth" name="test_upload_health_report" time="0.106" /><testcase classname="tests.test_health.TestHealth" name="test_get_health_reports" time="0.164" /><testcase classname="tests.test_health.TestHealth" name="test_health_requires_auth" time="0.097" /><testcase classname="tests.test_nutrition.TestNutrition" name="test_log_meal" time="0.099" /><testcase classname="tests.test_nutrition.TestNutrition" name="test_get_todays_meals" time="0.140" /><testcase classname="tests.test_nutrition.TestNutrition" name="test_search_foods" time="0.107" /><testcase classname="tests.test_nutrition.TestNutrition" name="test_get_meal_history" time="0.099" /><testcase classname="tests.test_nutrition.TestNutrition" name="test_meal_requires_auth" time="0.098" /><testcase classname="tests.test_progress.TestProgress" name="test_log_weight" time="0.102" /><testcase classname="tests.test_progress.TestProgress" name="test_get_weight_history" time="0.233" /><testcase classname="tests.test_progress.TestProgress" name="test_get_progress_stats" time="0.110" /><testcase classname="tests.test_progress.TestProgress" name="test_progress_requires_auth" time="0.105" /><testcase classname="tests.test_scan.TestScan" name="test_scan_detect" time="0.124" /><testcase classname="tests.test_scan.TestScan" name="test_scan_requires_auth" time="0.099" /><testcase classname="tests.test_workouts.TestWorkouts" name="test_start_workout" time="0.127" /><testcase classname="tests.test_workouts.TestWorkouts" name="test_complete_workout" time="0.174" /><testcase classname="tests.test_workouts.TestWorkouts" name="test_get_workout_history" time="0.119" /><testcase classname="tests.test_workouts.TestWorkouts" name="test_get_active_workout" time="0.150" /><testcase classname="tests.test_workouts.TestWorkouts" name="test_workout_requires_auth" time="0.101" /></testsuite></testsuites>